<?xml version="1.0" encoding="UTF-8"?>
<robot generator="Robot 4.1.2 (Python 3.9.2 on win32)" generated="20211213 17:43:38.817" rpa="false" schemaversion="2">
<suite id="s1" name="Tests" source="C:\Dlsu stuff\STSWENG\Saucedemo\tests">
<suite id="s1-s1" name="Valid Login" source="C:\Dlsu stuff\STSWENG\Saucedemo\tests\valid_login.robot">
<test id="s1-s1-t1" name="Valid login">
<kw name="Open Browser" library="SeleniumLibrary">
<arg>https://www.saucedemo.com/</arg>
<arg>Chrome</arg>
<doc>Opens a new browser instance to the optional ``url``.</doc>
<msg timestamp="20211213 17:43:39.065" level="INFO">Opening browser 'Chrome' to base url 'https://www.saucedemo.com/'.</msg>
<status status="PASS" starttime="20211213 17:43:39.065" endtime="20211213 17:43:40.908"/>
</kw>
<kw name="Maximize Browser Window" library="SeleniumLibrary">
<doc>Maximizes current browser window.</doc>
<status status="PASS" starttime="20211213 17:43:40.909" endtime="20211213 17:43:41.030"/>
</kw>
<kw name="Page Should Contain Element" library="SeleniumLibrary">
<arg>login-button</arg>
<doc>Verifies that element ``locator`` is found on the current page.</doc>
<msg timestamp="20211213 17:43:41.048" level="INFO">Current page contains element 'login-button'.</msg>
<status status="PASS" starttime="20211213 17:43:41.031" endtime="20211213 17:43:41.048"/>
</kw>
<kw name="Input Text" library="SeleniumLibrary">
<arg>user-name</arg>
<arg>standard-user</arg>
<doc>Types the given ``text`` into the text field identified by ``locator``.</doc>
<msg timestamp="20211213 17:43:41.049" level="INFO">Typing text 'standard-user' into text field 'user-name'.</msg>
<status status="PASS" starttime="20211213 17:43:41.049" endtime="20211213 17:43:41.216"/>
</kw>
<kw name="Input Text" library="SeleniumLibrary">
<arg>password</arg>
<arg>secret_sauce</arg>
<doc>Types the given ``text`` into the text field identified by ``locator``.</doc>
<msg timestamp="20211213 17:43:41.217" level="INFO">Typing text 'secret_sauce' into text field 'password'.</msg>
<status status="PASS" starttime="20211213 17:43:41.217" endtime="20211213 17:43:41.303"/>
</kw>
<kw name="Click Button" library="SeleniumLibrary">
<arg>login-button</arg>
<doc>Clicks the button identified by ``locator``.</doc>
<msg timestamp="20211213 17:43:41.304" level="INFO">Clicking button 'login-button'.</msg>
<status status="PASS" starttime="20211213 17:43:41.303" endtime="20211213 17:43:41.360"/>
</kw>
<kw name="Element Text Should Be" library="SeleniumLibrary">
<arg>class:title</arg>
<arg>PRODUCTS</arg>
<doc>Verifies that element ``locator`` contains exact the text ``expected``.</doc>
<msg timestamp="20211213 17:43:41.361" level="INFO">Verifying element 'class:title' contains exact text 'PRODUCTS'.</msg>
<kw name="Capture Page Screenshot" library="SeleniumLibrary">
<doc>Takes a screenshot of the current page and embeds it into a log file.</doc>
<msg timestamp="20211213 17:43:41.547" level="INFO" html="true">&lt;/td&gt;&lt;/tr&gt;&lt;tr&gt;&lt;td colspan="3"&gt;&lt;a href="selenium-screenshot-3.png"&gt;&lt;img src="selenium-screenshot-3.png" width="800px"&gt;&lt;/a&gt;</msg>
<status status="PASS" starttime="20211213 17:43:41.371" endtime="20211213 17:43:41.547"/>
</kw>
<msg timestamp="20211213 17:43:41.550" level="FAIL">Element with locator 'class:title' not found.</msg>
<status status="FAIL" starttime="20211213 17:43:41.360" endtime="20211213 17:43:41.550"/>
</kw>
<kw name="Close Browser" library="SeleniumLibrary" type="TEARDOWN">
<doc>Closes the current browser.</doc>
<status status="PASS" starttime="20211213 17:43:41.551" endtime="20211213 17:43:43.757"/>
</kw>
<status status="FAIL" starttime="20211213 17:43:39.064" endtime="20211213 17:43:43.758">Element with locator 'class:title' not found.</status>
</test>
<doc>A test suite for login

This test for login
</doc>
<status status="FAIL" starttime="20211213 17:43:38.844" endtime="20211213 17:43:43.760"/>
</suite>
<status status="FAIL" starttime="20211213 17:43:38.819" endtime="20211213 17:43:43.762"/>
</suite>
<statistics>
<total>
<stat pass="0" fail="1" skip="0">All Tests</stat>
</total>
<tag>
</tag>
<suite>
<stat pass="0" fail="1" skip="0" id="s1" name="Tests">Tests</stat>
<stat pass="0" fail="1" skip="0" id="s1-s1" name="Valid Login">Tests.Valid Login</stat>
</suite>
</statistics>
<errors>
</errors>
</robot>
