<?xml version="1.0" encoding="UTF-8"?>
<robot generator="Robot 4.1.2 (Python 3.9.2 on win32)" generated="20211213 20:31:07.260" rpa="false" schemaversion="2">
<suite id="s1" name="Tests" source="C:\Dlsu stuff\STSWENG\Saucedemo\tests">
<suite id="s1-s1" name="Login Test" source="C:\Dlsu stuff\STSWENG\Saucedemo\tests\login_test.robot">
<test id="s1-s1-t1" name="Valid login">
<kw name="Open Browser" library="SeleniumLibrary">
<arg>https://www.saucedemo.com/</arg>
<arg>Chrome</arg>
<doc>Opens a new browser instance to the optional ``url``.</doc>
<msg timestamp="20211213 20:31:07.471" level="INFO">Opening browser 'Chrome' to base url 'https://www.saucedemo.com/'.</msg>
<status status="PASS" starttime="20211213 20:31:07.471" endtime="20211213 20:31:09.270"/>
</kw>
<kw name="Maximize Browser Window" library="SeleniumLibrary">
<doc>Maximizes current browser window.</doc>
<status status="PASS" starttime="20211213 20:31:09.271" endtime="20211213 20:31:09.385"/>
</kw>
<kw name="Set Selenium Speed" library="SeleniumLibrary">
<arg>0</arg>
<doc>Sets the delay that is waited after each Selenium command.</doc>
<status status="PASS" starttime="20211213 20:31:09.386" endtime="20211213 20:31:09.386"/>
</kw>
<kw name="Page Should Contain Element" library="SeleniumLibrary">
<arg>login-button</arg>
<doc>Verifies that element ``locator`` is found on the current page.</doc>
<msg timestamp="20211213 20:31:09.399" level="INFO">Current page contains element 'login-button'.</msg>
<status status="PASS" starttime="20211213 20:31:09.387" endtime="20211213 20:31:09.399"/>
</kw>
<kw name="Input Text" library="SeleniumLibrary">
<arg>user-name</arg>
<arg>standard_user</arg>
<doc>Types the given ``text`` into the text field identified by ``locator``.</doc>
<msg timestamp="20211213 20:31:09.400" level="INFO">Typing text 'standard_user' into text field 'user-name'.</msg>
<status status="PASS" starttime="20211213 20:31:09.399" endtime="20211213 20:31:09.500"/>
</kw>
<kw name="Input Text" library="SeleniumLibrary">
<arg>password</arg>
<arg>secret_sauce</arg>
<doc>Types the given ``text`` into the text field identified by ``locator``.</doc>
<msg timestamp="20211213 20:31:09.501" level="INFO">Typing text 'secret_sauce' into text field 'password'.</msg>
<status status="PASS" starttime="20211213 20:31:09.500" endtime="20211213 20:31:09.571"/>
</kw>
<kw name="Click Button" library="SeleniumLibrary">
<arg>login-button</arg>
<doc>Clicks the button identified by ``locator``.</doc>
<msg timestamp="20211213 20:31:09.572" level="INFO">Clicking button 'login-button'.</msg>
<status status="PASS" starttime="20211213 20:31:09.571" endtime="20211213 20:31:09.647"/>
</kw>
<kw name="Element Text Should Be" library="SeleniumLibrary">
<arg>class:title</arg>
<arg>PRODUCTS</arg>
<doc>Verifies that element ``locator`` contains exact the text ``expected``.</doc>
<msg timestamp="20211213 20:31:09.648" level="INFO">Verifying element 'class:title' contains exact text 'PRODUCTS'.</msg>
<status status="PASS" starttime="20211213 20:31:09.648" endtime="20211213 20:31:09.667"/>
</kw>
<kw name="Close Browser" library="SeleniumLibrary" type="TEARDOWN">
<doc>Closes the current browser.</doc>
<status status="PASS" starttime="20211213 20:31:09.667" endtime="20211213 20:31:11.813"/>
</kw>
<status status="PASS" starttime="20211213 20:31:07.470" endtime="20211213 20:31:11.814"/>
</test>
<test id="s1-s1-t2" name="Locked Out">
<kw name="Open Browser" library="SeleniumLibrary">
<arg>https://www.saucedemo.com/</arg>
<arg>Chrome</arg>
<doc>Opens a new browser instance to the optional ``url``.</doc>
<msg timestamp="20211213 20:31:11.817" level="INFO">Opening browser 'Chrome' to base url 'https://www.saucedemo.com/'.</msg>
<status status="PASS" starttime="20211213 20:31:11.816" endtime="20211213 20:31:14.029"/>
</kw>
<kw name="Maximize Browser Window" library="SeleniumLibrary">
<doc>Maximizes current browser window.</doc>
<status status="PASS" starttime="20211213 20:31:14.029" endtime="20211213 20:31:14.151"/>
</kw>
<kw name="Set Selenium Speed" library="SeleniumLibrary">
<arg>0</arg>
<doc>Sets the delay that is waited after each Selenium command.</doc>
<status status="PASS" starttime="20211213 20:31:14.152" endtime="20211213 20:31:14.152"/>
</kw>
<kw name="Page Should Contain Element" library="SeleniumLibrary">
<arg>login-button</arg>
<doc>Verifies that element ``locator`` is found on the current page.</doc>
<msg timestamp="20211213 20:31:14.163" level="INFO">Current page contains element 'login-button'.</msg>
<status status="PASS" starttime="20211213 20:31:14.153" endtime="20211213 20:31:14.163"/>
</kw>
<kw name="Input Text" library="SeleniumLibrary">
<arg>user-name</arg>
<arg>locked_out_user</arg>
<doc>Types the given ``text`` into the text field identified by ``locator``.</doc>
<msg timestamp="20211213 20:31:14.164" level="INFO">Typing text 'locked_out_user' into text field 'user-name'.</msg>
<status status="PASS" starttime="20211213 20:31:14.164" endtime="20211213 20:31:14.256"/>
</kw>
<kw name="Input Text" library="SeleniumLibrary">
<arg>password</arg>
<arg>secret_sauce</arg>
<doc>Types the given ``text`` into the text field identified by ``locator``.</doc>
<msg timestamp="20211213 20:31:14.257" level="INFO">Typing text 'secret_sauce' into text field 'password'.</msg>
<status status="PASS" starttime="20211213 20:31:14.257" endtime="20211213 20:31:14.325"/>
</kw>
<kw name="Click Button" library="SeleniumLibrary">
<arg>login-button</arg>
<doc>Clicks the button identified by ``locator``.</doc>
<msg timestamp="20211213 20:31:14.325" level="INFO">Clicking button 'login-button'.</msg>
<status status="PASS" starttime="20211213 20:31:14.325" endtime="20211213 20:31:14.373"/>
</kw>
<kw name="Element Text Should Be" library="SeleniumLibrary">
<arg>xpath://*[@id="login_button_container"]/div/form/div[3]/h3</arg>
<arg>Epic sadface: Sorry, this user has been locked out.</arg>
<doc>Verifies that element ``locator`` contains exact the text ``expected``.</doc>
<msg timestamp="20211213 20:31:14.374" level="INFO">Verifying element 'xpath://*[@id="login_button_container"]/div/form/div[3]/h3' contains exact text 'Epic sadface: Sorry, this user has been locked out.'.</msg>
<status status="PASS" starttime="20211213 20:31:14.374" endtime="20211213 20:31:14.394"/>
</kw>
<kw name="Close Browser" library="SeleniumLibrary" type="TEARDOWN">
<doc>Closes the current browser.</doc>
<status status="PASS" starttime="20211213 20:31:14.395" endtime="20211213 20:31:16.548"/>
</kw>
<status status="PASS" starttime="20211213 20:31:11.816" endtime="20211213 20:31:16.549"/>
</test>
<test id="s1-s1-t3" name="Invalid">
<kw name="Open Browser" library="SeleniumLibrary">
<arg>https://www.saucedemo.com/</arg>
<arg>Chrome</arg>
<doc>Opens a new browser instance to the optional ``url``.</doc>
<msg timestamp="20211213 20:31:16.551" level="INFO">Opening browser 'Chrome' to base url 'https://www.saucedemo.com/'.</msg>
<status status="PASS" starttime="20211213 20:31:16.551" endtime="20211213 20:31:18.360"/>
</kw>
<kw name="Maximize Browser Window" library="SeleniumLibrary">
<doc>Maximizes current browser window.</doc>
<status status="PASS" starttime="20211213 20:31:18.361" endtime="20211213 20:31:18.477"/>
</kw>
<kw name="Set Selenium Speed" library="SeleniumLibrary">
<arg>0</arg>
<doc>Sets the delay that is waited after each Selenium command.</doc>
<status status="PASS" starttime="20211213 20:31:18.477" endtime="20211213 20:31:18.478"/>
</kw>
<kw name="Page Should Contain Element" library="SeleniumLibrary">
<arg>login-button</arg>
<doc>Verifies that element ``locator`` is found on the current page.</doc>
<msg timestamp="20211213 20:31:18.490" level="INFO">Current page contains element 'login-button'.</msg>
<status status="PASS" starttime="20211213 20:31:18.478" endtime="20211213 20:31:18.490"/>
</kw>
<kw name="Input Text" library="SeleniumLibrary">
<arg>user-name</arg>
<arg>standard_user</arg>
<doc>Types the given ``text`` into the text field identified by ``locator``.</doc>
<msg timestamp="20211213 20:31:18.491" level="INFO">Typing text 'standard_user' into text field 'user-name'.</msg>
<status status="PASS" starttime="20211213 20:31:18.491" endtime="20211213 20:31:18.590"/>
</kw>
<kw name="Input Text" library="SeleniumLibrary">
<arg>password</arg>
<arg>secret_</arg>
<doc>Types the given ``text`` into the text field identified by ``locator``.</doc>
<msg timestamp="20211213 20:31:18.591" level="INFO">Typing text 'secret_' into text field 'password'.</msg>
<status status="PASS" starttime="20211213 20:31:18.591" endtime="20211213 20:31:18.655"/>
</kw>
<kw name="Click Button" library="SeleniumLibrary">
<arg>login-button</arg>
<doc>Clicks the button identified by ``locator``.</doc>
<msg timestamp="20211213 20:31:18.656" level="INFO">Clicking button 'login-button'.</msg>
<status status="PASS" starttime="20211213 20:31:18.656" endtime="20211213 20:31:18.701"/>
</kw>
<kw name="Element Text Should Be" library="SeleniumLibrary">
<arg>xpath://*[@id="login_button_container"]/div/form/div[3]/h3</arg>
<arg>Epic sadface: Username and password do not match any user in this service</arg>
<doc>Verifies that element ``locator`` contains exact the text ``expected``.</doc>
<msg timestamp="20211213 20:31:18.702" level="INFO">Verifying element 'xpath://*[@id="login_button_container"]/div/form/div[3]/h3' contains exact text 'Epic sadface: Username and password do not match any user in this service'.</msg>
<status status="PASS" starttime="20211213 20:31:18.702" endtime="20211213 20:31:18.722"/>
</kw>
<kw name="Close Browser" library="SeleniumLibrary" type="TEARDOWN">
<doc>Closes the current browser.</doc>
<status status="PASS" starttime="20211213 20:31:18.722" endtime="20211213 20:31:20.856"/>
</kw>
<status status="PASS" starttime="20211213 20:31:16.551" endtime="20211213 20:31:20.857"/>
</test>
<doc>A test suite for login

This test is for login cases
</doc>
<status status="PASS" starttime="20211213 20:31:07.285" endtime="20211213 20:31:20.858"/>
</suite>
<suite id="s1-s2" name="Sort Test" source="C:\Dlsu stuff\STSWENG\Saucedemo\tests\sort_test.robot">
<test id="s1-s2-t1" name="SortAZ">
<kw name="Open Browser" library="SeleniumLibrary">
<arg>https://www.saucedemo.com/</arg>
<arg>Chrome</arg>
<doc>Opens a new browser instance to the optional ``url``.</doc>
<msg timestamp="20211213 20:31:20.865" level="INFO">Opening browser 'Chrome' to base url 'https://www.saucedemo.com/'.</msg>
<status status="PASS" starttime="20211213 20:31:20.865" endtime="20211213 20:31:22.549"/>
</kw>
<kw name="Maximize Browser Window" library="SeleniumLibrary">
<doc>Maximizes current browser window.</doc>
<status status="PASS" starttime="20211213 20:31:22.549" endtime="20211213 20:31:22.670"/>
</kw>
<kw name="Set Selenium Speed" library="SeleniumLibrary">
<arg>0</arg>
<doc>Sets the delay that is waited after each Selenium command.</doc>
<status status="PASS" starttime="20211213 20:31:22.670" endtime="20211213 20:31:22.671"/>
</kw>
<kw name="Page Should Contain Element" library="SeleniumLibrary">
<arg>login-button</arg>
<doc>Verifies that element ``locator`` is found on the current page.</doc>
<msg timestamp="20211213 20:31:22.685" level="INFO">Current page contains element 'login-button'.</msg>
<status status="PASS" starttime="20211213 20:31:22.671" endtime="20211213 20:31:22.685"/>
</kw>
<kw name="Input Text" library="SeleniumLibrary">
<arg>user-name</arg>
<arg>standard_user</arg>
<doc>Types the given ``text`` into the text field identified by ``locator``.</doc>
<msg timestamp="20211213 20:31:22.686" level="INFO">Typing text 'standard_user' into text field 'user-name'.</msg>
<status status="PASS" starttime="20211213 20:31:22.686" endtime="20211213 20:31:22.774"/>
</kw>
<kw name="Input Text" library="SeleniumLibrary">
<arg>password</arg>
<arg>secret_sauce</arg>
<doc>Types the given ``text`` into the text field identified by ``locator``.</doc>
<msg timestamp="20211213 20:31:22.775" level="INFO">Typing text 'secret_sauce' into text field 'password'.</msg>
<status status="PASS" starttime="20211213 20:31:22.775" endtime="20211213 20:31:22.850"/>
</kw>
<kw name="Click Button" library="SeleniumLibrary">
<arg>login-button</arg>
<doc>Clicks the button identified by ``locator``.</doc>
<msg timestamp="20211213 20:31:22.851" level="INFO">Clicking button 'login-button'.</msg>
<status status="PASS" starttime="20211213 20:31:22.851" endtime="20211213 20:31:22.933"/>
</kw>
<kw name="Element Text Should Be" library="SeleniumLibrary">
<arg>class:title</arg>
<arg>PRODUCTS</arg>
<doc>Verifies that element ``locator`` contains exact the text ``expected``.</doc>
<msg timestamp="20211213 20:31:22.934" level="INFO">Verifying element 'class:title' contains exact text 'PRODUCTS'.</msg>
<status status="PASS" starttime="20211213 20:31:22.933" endtime="20211213 20:31:22.952"/>
</kw>
<kw name="List Selection Should Be" library="SeleniumLibrary">
<arg>class:product_sort_container</arg>
<arg>Name (A to Z)</arg>
<doc>Verifies selection list ``locator`` has ``expected`` options selected.</doc>
<msg timestamp="20211213 20:31:22.953" level="INFO">Verifying list 'class:product_sort_container' has option [ Name (A to Z) ] selected.</msg>
<msg timestamp="20211213 20:31:22.965" level="INFO">Current page contains list 'class:product_sort_container'.</msg>
<status status="PASS" starttime="20211213 20:31:22.953" endtime="20211213 20:31:23.030"/>
</kw>
<kw name="Close Browser" library="SeleniumLibrary" type="TEARDOWN">
<doc>Closes the current browser.</doc>
<status status="PASS" starttime="20211213 20:31:23.031" endtime="20211213 20:31:25.174"/>
</kw>
<status status="PASS" starttime="20211213 20:31:20.864" endtime="20211213 20:31:25.174"/>
</test>
<test id="s1-s2-t2" name="SortZA">
<kw name="Open Browser" library="SeleniumLibrary">
<arg>https://www.saucedemo.com/</arg>
<arg>Chrome</arg>
<doc>Opens a new browser instance to the optional ``url``.</doc>
<msg timestamp="20211213 20:31:25.177" level="INFO">Opening browser 'Chrome' to base url 'https://www.saucedemo.com/'.</msg>
<status status="PASS" starttime="20211213 20:31:25.177" endtime="20211213 20:31:26.891"/>
</kw>
<kw name="Maximize Browser Window" library="SeleniumLibrary">
<doc>Maximizes current browser window.</doc>
<status status="PASS" starttime="20211213 20:31:26.892" endtime="20211213 20:31:27.007"/>
</kw>
<kw name="Set Selenium Speed" library="SeleniumLibrary">
<arg>0</arg>
<doc>Sets the delay that is waited after each Selenium command.</doc>
<status status="PASS" starttime="20211213 20:31:27.007" endtime="20211213 20:31:27.007"/>
</kw>
<kw name="Page Should Contain Element" library="SeleniumLibrary">
<arg>login-button</arg>
<doc>Verifies that element ``locator`` is found on the current page.</doc>
<msg timestamp="20211213 20:31:27.018" level="INFO">Current page contains element 'login-button'.</msg>
<status status="PASS" starttime="20211213 20:31:27.008" endtime="20211213 20:31:27.019"/>
</kw>
<kw name="Input Text" library="SeleniumLibrary">
<arg>user-name</arg>
<arg>standard_user</arg>
<doc>Types the given ``text`` into the text field identified by ``locator``.</doc>
<msg timestamp="20211213 20:31:27.019" level="INFO">Typing text 'standard_user' into text field 'user-name'.</msg>
<status status="PASS" starttime="20211213 20:31:27.019" endtime="20211213 20:31:27.106"/>
</kw>
<kw name="Input Text" library="SeleniumLibrary">
<arg>password</arg>
<arg>secret_sauce</arg>
<doc>Types the given ``text`` into the text field identified by ``locator``.</doc>
<msg timestamp="20211213 20:31:27.107" level="INFO">Typing text 'secret_sauce' into text field 'password'.</msg>
<status status="PASS" starttime="20211213 20:31:27.106" endtime="20211213 20:31:27.181"/>
</kw>
<kw name="Click Button" library="SeleniumLibrary">
<arg>login-button</arg>
<doc>Clicks the button identified by ``locator``.</doc>
<msg timestamp="20211213 20:31:27.182" level="INFO">Clicking button 'login-button'.</msg>
<status status="PASS" starttime="20211213 20:31:27.181" endtime="20211213 20:31:27.261"/>
</kw>
<kw name="Element Text Should Be" library="SeleniumLibrary">
<arg>class:title</arg>
<arg>PRODUCTS</arg>
<doc>Verifies that element ``locator`` contains exact the text ``expected``.</doc>
<msg timestamp="20211213 20:31:27.262" level="INFO">Verifying element 'class:title' contains exact text 'PRODUCTS'.</msg>
<status status="PASS" starttime="20211213 20:31:27.262" endtime="20211213 20:31:27.282"/>
</kw>
<kw name="Select From List By Value" library="SeleniumLibrary">
<arg>class:product_sort_container</arg>
<arg>Name (Z to A)</arg>
<doc>Selects options from selection list ``locator`` by ``values``.</doc>
<msg timestamp="20211213 20:31:27.282" level="INFO">Selecting options from selection list 'class:product_sort_container' by value Name (Z to A).</msg>
<kw name="Capture Page Screenshot" library="SeleniumLibrary">
<doc>Takes a screenshot of the current page and embeds it into a log file.</doc>
<msg timestamp="20211213 20:31:27.489" level="INFO" html="true">&lt;/td&gt;&lt;/tr&gt;&lt;tr&gt;&lt;td colspan="3"&gt;&lt;a href="selenium-screenshot-11.png"&gt;&lt;img src="selenium-screenshot-11.png" width="800px"&gt;&lt;/a&gt;</msg>
<status status="PASS" starttime="20211213 20:31:27.308" endtime="20211213 20:31:27.490"/>
</kw>
<msg timestamp="20211213 20:31:27.498" level="FAIL">NoSuchElementException: Message: Cannot locate option with value: Name (Z to A)
</msg>
<status status="FAIL" starttime="20211213 20:31:27.282" endtime="20211213 20:31:27.498"/>
</kw>
<kw name="List Selection Should Be" library="SeleniumLibrary">
<arg>class:product_sort_container</arg>
<arg>Name (Z to A)</arg>
<doc>Verifies selection list ``locator`` has ``expected`` options selected.</doc>
<status status="NOT RUN" starttime="20211213 20:31:27.499" endtime="20211213 20:31:27.499"/>
</kw>
<kw name="Close Browser" library="SeleniumLibrary" type="TEARDOWN">
<doc>Closes the current browser.</doc>
<status status="PASS" starttime="20211213 20:31:27.500" endtime="20211213 20:31:29.651"/>
</kw>
<status status="FAIL" starttime="20211213 20:31:25.176" endtime="20211213 20:31:29.652">NoSuchElementException: Message: Cannot locate option with value: Name (Z to A)
</status>
</test>
<test id="s1-s2-t3" name="SortHigh">
<kw name="Open Browser" library="SeleniumLibrary">
<arg>https://www.saucedemo.com/</arg>
<arg>Chrome</arg>
<doc>Opens a new browser instance to the optional ``url``.</doc>
<msg timestamp="20211213 20:31:29.654" level="INFO">Opening browser 'Chrome' to base url 'https://www.saucedemo.com/'.</msg>
<status status="PASS" starttime="20211213 20:31:29.654" endtime="20211213 20:31:31.344"/>
</kw>
<kw name="Maximize Browser Window" library="SeleniumLibrary">
<doc>Maximizes current browser window.</doc>
<status status="PASS" starttime="20211213 20:31:31.344" endtime="20211213 20:31:31.456"/>
</kw>
<kw name="Set Selenium Speed" library="SeleniumLibrary">
<arg>0</arg>
<doc>Sets the delay that is waited after each Selenium command.</doc>
<status status="PASS" starttime="20211213 20:31:31.457" endtime="20211213 20:31:31.457"/>
</kw>
<kw name="Page Should Contain Element" library="SeleniumLibrary">
<arg>login-button</arg>
<doc>Verifies that element ``locator`` is found on the current page.</doc>
<msg timestamp="20211213 20:31:31.473" level="INFO">Current page contains element 'login-button'.</msg>
<status status="PASS" starttime="20211213 20:31:31.457" endtime="20211213 20:31:31.473"/>
</kw>
<kw name="Input Text" library="SeleniumLibrary">
<arg>user-name</arg>
<arg>standard_user</arg>
<doc>Types the given ``text`` into the text field identified by ``locator``.</doc>
<msg timestamp="20211213 20:31:31.474" level="INFO">Typing text 'standard_user' into text field 'user-name'.</msg>
<status status="PASS" starttime="20211213 20:31:31.474" endtime="20211213 20:31:31.557"/>
</kw>
<kw name="Input Text" library="SeleniumLibrary">
<arg>password</arg>
<arg>secret_sauce</arg>
<doc>Types the given ``text`` into the text field identified by ``locator``.</doc>
<msg timestamp="20211213 20:31:31.558" level="INFO">Typing text 'secret_sauce' into text field 'password'.</msg>
<status status="PASS" starttime="20211213 20:31:31.558" endtime="20211213 20:31:31.631"/>
</kw>
<kw name="Click Button" library="SeleniumLibrary">
<arg>login-button</arg>
<doc>Clicks the button identified by ``locator``.</doc>
<msg timestamp="20211213 20:31:31.632" level="INFO">Clicking button 'login-button'.</msg>
<status status="PASS" starttime="20211213 20:31:31.631" endtime="20211213 20:31:31.709"/>
</kw>
<kw name="Element Text Should Be" library="SeleniumLibrary">
<arg>class:title</arg>
<arg>PRODUCTS</arg>
<doc>Verifies that element ``locator`` contains exact the text ``expected``.</doc>
<msg timestamp="20211213 20:31:31.709" level="INFO">Verifying element 'class:title' contains exact text 'PRODUCTS'.</msg>
<status status="PASS" starttime="20211213 20:31:31.709" endtime="20211213 20:31:31.727"/>
</kw>
<kw name="List Selection Should Be" library="SeleniumLibrary">
<arg>class:product_sort_container</arg>
<arg>Price (high to low)</arg>
<doc>Verifies selection list ``locator`` has ``expected`` options selected.</doc>
<msg timestamp="20211213 20:31:31.728" level="INFO">Verifying list 'class:product_sort_container' has option [ Price (high to low) ] selected.</msg>
<msg timestamp="20211213 20:31:31.739" level="INFO">Current page contains list 'class:product_sort_container'.</msg>
<kw name="Capture Page Screenshot" library="SeleniumLibrary">
<doc>Takes a screenshot of the current page and embeds it into a log file.</doc>
<msg timestamp="20211213 20:31:31.988" level="INFO" html="true">&lt;/td&gt;&lt;/tr&gt;&lt;tr&gt;&lt;td colspan="3"&gt;&lt;a href="selenium-screenshot-12.png"&gt;&lt;img src="selenium-screenshot-12.png" width="800px"&gt;&lt;/a&gt;</msg>
<status status="PASS" starttime="20211213 20:31:31.804" endtime="20211213 20:31:31.989"/>
</kw>
<msg timestamp="20211213 20:31:31.989" level="FAIL">List 'class:product_sort_container' should have had selection [ Price (high to low) ] but selection was [ Name (A to Z) (az) ].</msg>
<status status="FAIL" starttime="20211213 20:31:31.727" endtime="20211213 20:31:31.989"/>
</kw>
<kw name="Close Browser" library="SeleniumLibrary" type="TEARDOWN">
<doc>Closes the current browser.</doc>
<status status="PASS" starttime="20211213 20:31:31.990" endtime="20211213 20:31:34.144"/>
</kw>
<status status="FAIL" starttime="20211213 20:31:29.654" endtime="20211213 20:31:34.144">List 'class:product_sort_container' should have had selection [ Price (high to low) ] but selection was [ Name (A to Z) (az) ].</status>
</test>
<test id="s1-s2-t4" name="SortLow">
<kw name="Open Browser" library="SeleniumLibrary">
<arg>https://www.saucedemo.com/</arg>
<arg>Chrome</arg>
<doc>Opens a new browser instance to the optional ``url``.</doc>
<msg timestamp="20211213 20:31:34.148" level="INFO">Opening browser 'Chrome' to base url 'https://www.saucedemo.com/'.</msg>
<status status="PASS" starttime="20211213 20:31:34.147" endtime="20211213 20:31:35.912"/>
</kw>
<kw name="Maximize Browser Window" library="SeleniumLibrary">
<doc>Maximizes current browser window.</doc>
<status status="PASS" starttime="20211213 20:31:35.912" endtime="20211213 20:31:36.027"/>
</kw>
<kw name="Set Selenium Speed" library="SeleniumLibrary">
<arg>0</arg>
<doc>Sets the delay that is waited after each Selenium command.</doc>
<status status="PASS" starttime="20211213 20:31:36.027" endtime="20211213 20:31:36.028"/>
</kw>
<kw name="Page Should Contain Element" library="SeleniumLibrary">
<arg>login-button</arg>
<doc>Verifies that element ``locator`` is found on the current page.</doc>
<msg timestamp="20211213 20:31:36.043" level="INFO">Current page contains element 'login-button'.</msg>
<status status="PASS" starttime="20211213 20:31:36.028" endtime="20211213 20:31:36.043"/>
</kw>
<kw name="Input Text" library="SeleniumLibrary">
<arg>user-name</arg>
<arg>standard_user</arg>
<doc>Types the given ``text`` into the text field identified by ``locator``.</doc>
<msg timestamp="20211213 20:31:36.044" level="INFO">Typing text 'standard_user' into text field 'user-name'.</msg>
<status status="PASS" starttime="20211213 20:31:36.044" endtime="20211213 20:31:36.137"/>
</kw>
<kw name="Input Text" library="SeleniumLibrary">
<arg>password</arg>
<arg>secret_sauce</arg>
<doc>Types the given ``text`` into the text field identified by ``locator``.</doc>
<msg timestamp="20211213 20:31:36.137" level="INFO">Typing text 'secret_sauce' into text field 'password'.</msg>
<status status="PASS" starttime="20211213 20:31:36.137" endtime="20211213 20:31:36.207"/>
</kw>
<kw name="Click Button" library="SeleniumLibrary">
<arg>login-button</arg>
<doc>Clicks the button identified by ``locator``.</doc>
<msg timestamp="20211213 20:31:36.208" level="INFO">Clicking button 'login-button'.</msg>
<status status="PASS" starttime="20211213 20:31:36.208" endtime="20211213 20:31:36.283"/>
</kw>
<kw name="Element Text Should Be" library="SeleniumLibrary">
<arg>class:title</arg>
<arg>PRODUCTS</arg>
<doc>Verifies that element ``locator`` contains exact the text ``expected``.</doc>
<msg timestamp="20211213 20:31:36.283" level="INFO">Verifying element 'class:title' contains exact text 'PRODUCTS'.</msg>
<status status="PASS" starttime="20211213 20:31:36.283" endtime="20211213 20:31:36.302"/>
</kw>
<kw name="List Selection Should Be" library="SeleniumLibrary">
<arg>class:product_sort_container</arg>
<arg>Price (low to high)</arg>
<doc>Verifies selection list ``locator`` has ``expected`` options selected.</doc>
<msg timestamp="20211213 20:31:36.302" level="INFO">Verifying list 'class:product_sort_container' has option [ Price (low to high) ] selected.</msg>
<msg timestamp="20211213 20:31:36.314" level="INFO">Current page contains list 'class:product_sort_container'.</msg>
<kw name="Capture Page Screenshot" library="SeleniumLibrary">
<doc>Takes a screenshot of the current page and embeds it into a log file.</doc>
<msg timestamp="20211213 20:31:36.552" level="INFO" html="true">&lt;/td&gt;&lt;/tr&gt;&lt;tr&gt;&lt;td colspan="3"&gt;&lt;a href="selenium-screenshot-13.png"&gt;&lt;img src="selenium-screenshot-13.png" width="800px"&gt;&lt;/a&gt;</msg>
<status status="PASS" starttime="20211213 20:31:36.380" endtime="20211213 20:31:36.552"/>
</kw>
<msg timestamp="20211213 20:31:36.552" level="FAIL">List 'class:product_sort_container' should have had selection [ Price (low to high) ] but selection was [ Name (A to Z) (az) ].</msg>
<status status="FAIL" starttime="20211213 20:31:36.302" endtime="20211213 20:31:36.552"/>
</kw>
<kw name="Close Browser" library="SeleniumLibrary" type="TEARDOWN">
<doc>Closes the current browser.</doc>
<status status="PASS" starttime="20211213 20:31:36.553" endtime="20211213 20:31:38.713"/>
</kw>
<status status="FAIL" starttime="20211213 20:31:34.147" endtime="20211213 20:31:38.713">List 'class:product_sort_container' should have had selection [ Price (low to high) ] but selection was [ Name (A to Z) (az) ].</status>
</test>
<doc>A test suite for sorting

This test is for sorting cases
</doc>
<status status="FAIL" starttime="20211213 20:31:20.860" endtime="20211213 20:31:38.716"/>
</suite>
<status status="FAIL" starttime="20211213 20:31:07.261" endtime="20211213 20:31:38.718"/>
</suite>
<statistics>
<total>
<stat pass="4" fail="3" skip="0">All Tests</stat>
</total>
<tag>
</tag>
<suite>
<stat pass="4" fail="3" skip="0" id="s1" name="Tests">Tests</stat>
<stat pass="3" fail="0" skip="0" id="s1-s1" name="Login Test">Tests.Login Test</stat>
<stat pass="1" fail="3" skip="0" id="s1-s2" name="Sort Test">Tests.Sort Test</stat>
</suite>
</statistics>
<errors>
</errors>
</robot>
